{"timestamp":"2025-03-23T12:17:10.505Z","message":"Verificando cambios en 2 direcciones","data":null}
{"timestamp":"2025-03-23T12:17:10.849Z","message":"Transporter de email configurado correctamente","data":{"user":"ur2r2jqwytubdhxl@ethereal.email","previewUrl":"https://ethereal.email"}}
{"timestamp":"2025-03-23T12:17:16.002Z","message":"Verificando cambios en 2 direcciones","data":null}
{"timestamp":"2025-03-23T12:17:20.509Z","message":"Verificando cambios en 2 direcciones","data":null}
{"timestamp":"2025-03-23T12:17:26.004Z","message":"Verificando cambios en 2 direcciones","data":null}
{"timestamp":"2025-03-23T12:17:30.511Z","message":"Verificando cambios en 2 direcciones","data":null}
{"timestamp":"2025-03-23T12:17:36.005Z","message":"Verificando cambios en 2 direcciones","data":null}
{"timestamp":"2025-03-23T12:17:40.511Z","message":"Verificando cambios en 2 direcciones","data":null}
{"timestamp":"2025-03-23T12:17:46.006Z","message":"Verificando cambios en 2 direcciones","data":null}
{"timestamp":"2025-03-23T12:17:50.512Z","message":"Verificando cambios en 2 direcciones","data":null}
{"timestamp":"2025-03-23T12:17:56.007Z","message":"Verificando cambios en 2 direcciones","data":null}
{"timestamp":"2025-03-23T12:18:00.513Z","message":"Verificando cambios en 2 direcciones","data":null}
{"timestamp":"2025-03-23T12:18:06.010Z","message":"Verificando cambios en 2 direcciones","data":null}
{"timestamp":"2025-03-23T12:18:10.514Z","message":"Verificando cambios en 2 direcciones","data":null}
{"timestamp":"2025-03-23T12:18:16.011Z","message":"Verificando cambios en 2 direcciones","data":null}
{"timestamp":"2025-03-23T12:18:20.516Z","message":"Verificando cambios en 2 direcciones","data":null}
{"timestamp":"2025-03-23T12:18:26.012Z","message":"Verificando cambios en 2 direcciones","data":null}
{"timestamp":"2025-03-23T12:19:20.973Z","message":"Verificando cambios en 2 direcciones","data":null}
{"timestamp":"2025-03-23T12:19:21.259Z","message":"Transporter de email configurado correctamente","data":{"user":"tf6i6jrgimbrbnih@ethereal.email","previewUrl":"https://ethereal.email"}}
{"timestamp":"2025-03-23T12:19:26.415Z","message":"Verificando cambios en 2 direcciones","data":null}
{"timestamp":"2025-03-23T12:19:30.975Z","message":"Verificando cambios en 2 direcciones","data":null}
{"timestamp":"2025-03-23T12:19:36.417Z","message":"Verificando cambios en 2 direcciones","data":null}
{"timestamp":"2025-03-23T12:19:40.977Z","message":"Verificando cambios en 2 direcciones","data":null}
{"timestamp":"2025-03-23T12:19:46.418Z","message":"Verificando cambios en 2 direcciones","data":null}
{"timestamp":"2025-03-23T12:19:50.984Z","message":"Verificando cambios en 2 direcciones","data":null}
{"timestamp":"2025-03-23T12:19:56.420Z","message":"Verificando cambios en 2 direcciones","data":null}
{"timestamp":"2025-03-23T12:20:00.987Z","message":"Verificando cambios en 2 direcciones","data":null}
{"timestamp":"2025-03-23T12:20:06.421Z","message":"Verificando cambios en 2 direcciones","data":null}
{"timestamp":"2025-03-23T12:20:10.988Z","message":"Verificando cambios en 2 direcciones","data":null}
{"timestamp":"2025-03-23T12:20:16.422Z","message":"Verificando cambios en 2 direcciones","data":null}
{"timestamp":"2025-03-23T12:20:20.989Z","message":"Verificando cambios en 2 direcciones","data":null}
{"timestamp":"2025-03-23T12:20:26.424Z","message":"Verificando cambios en 2 direcciones","data":null}
{"timestamp":"2025-03-23T12:20:30.990Z","message":"Verificando cambios en 2 direcciones","data":null}
{"timestamp":"2025-03-23T12:20:36.425Z","message":"Verificando cambios en 2 direcciones","data":null}
{"timestamp":"2025-03-23T12:21:40.827Z","message":"Verificando cambios en 2 direcciones","data":null}
{"timestamp":"2025-03-23T12:21:41.249Z","message":"Transporter de email configurado correctamente","data":{"user":"gcheokllb6dh6hth@ethereal.email","previewUrl":"https://ethereal.email"}}
{"timestamp":"2025-03-23T12:21:44.758Z","message":"Verificando cambios en 2 direcciones","data":null}
{"timestamp":"2025-03-23T12:21:46.398Z","message":"Verificando cambios en 2 direcciones","data":null}
{"timestamp":"2025-03-23T12:21:50.830Z","message":"Verificando cambios en 2 direcciones","data":null}
{"timestamp":"2025-03-23T12:21:54.924Z","message":"Verificando cambios en 2 direcciones","data":null}
{"timestamp":"2025-03-23T12:21:56.520Z","message":"Verificando cambios en 2 direcciones","data":null}
{"timestamp":"2025-03-23T12:22:00.975Z","message":"Verificando cambios en 2 direcciones","data":null}
{"timestamp":"2025-03-23T12:22:05.051Z","message":"Verificando cambios en 2 direcciones","data":null}
{"timestamp":"2025-03-23T12:22:06.727Z","message":"Verificando cambios en 2 direcciones","data":null}
{"timestamp":"2025-03-23T12:22:11.228Z","message":"Verificando cambios en 2 direcciones","data":null}
{"timestamp":"2025-03-23T12:22:15.248Z","message":"Verificando cambios en 2 direcciones","data":null}
{"timestamp":"2025-03-23T12:22:16.962Z","message":"Verificando cambios en 2 direcciones","data":null}
{"timestamp":"2025-03-23T12:22:21.565Z","message":"Verificando cambios en 2 direcciones","data":null}
{"timestamp":"2025-03-23T12:22:25.375Z","message":"Verificando cambios en 2 direcciones","data":null}
{"timestamp":"2025-03-23T12:22:27.127Z","message":"Verificando cambios en 2 direcciones","data":null}
{"timestamp":"2025-03-23T12:22:31.547Z","message":"Verificando cambios en 2 direcciones","data":null}
{"timestamp":"2025-03-23T12:22:31.686Z","message":"Verificando cambios en 2 direcciones","data":null}
{"timestamp":"2025-03-23T12:22:35.526Z","message":"Verificando cambios en 1 direcciones","data":null}
{"timestamp":"2025-03-23T12:22:37.500Z","message":"Verificando cambios en 2 direcciones","data":null}
{"timestamp":"2025-03-23T12:22:37.834Z","message":"Verificando cambios en 2 direcciones","data":null}
{"timestamp":"2025-03-23T12:22:41.767Z","message":"Verificando cambios en 2 direcciones","data":null}
{"timestamp":"2025-03-23T12:22:41.988Z","message":"Verificando cambios en 2 direcciones","data":null}
{"timestamp":"2025-03-23T12:22:45.526Z","message":"Verificando cambios en 1 direcciones","data":null}
{"timestamp":"2025-03-23T12:22:47.754Z","message":"Verificando cambios en 1 direcciones","data":null}
{"timestamp":"2025-03-23T12:22:47.970Z","message":"Verificando cambios en 2 direcciones","data":null}
{"timestamp":"2025-03-23T12:22:48.948Z","message":"Verificando cambios en 2 direcciones","data":null}
{"timestamp":"2025-03-23T12:22:51.950Z","message":"Verificando cambios en 2 direcciones","data":null}
{"timestamp":"2025-03-23T12:22:52.124Z","message":"Verificando cambios en 2 direcciones","data":null}
{"timestamp":"2025-03-23T12:22:55.527Z","message":"Verificando cambios en 2 direcciones","data":null}
{"timestamp":"2025-03-23T12:22:57.756Z","message":"Verificando cambios en 2 direcciones","data":null}
{"timestamp":"2025-03-23T12:22:58.153Z","message":"Verificando cambios en 2 direcciones","data":null}
{"timestamp":"2025-03-23T12:22:59.158Z","message":"Verificando cambios en 2 direcciones","data":null}
{"timestamp":"2025-03-23T12:23:02.083Z","message":"Verificando cambios en 2 direcciones","data":null}
{"timestamp":"2025-03-23T12:23:02.299Z","message":"Verificando cambios en 2 direcciones","data":null}
{"timestamp":"2025-03-23T12:23:05.704Z","message":"Verificando cambios en 2 direcciones","data":null}
{"timestamp":"2025-03-23T12:23:07.878Z","message":"Verificando cambios en 2 direcciones","data":null}
{"timestamp":"2025-03-23T12:23:08.324Z","message":"Verificando cambios en 2 direcciones","data":null}
{"timestamp":"2025-03-23T12:23:09.363Z","message":"Verificando cambios en 2 direcciones","data":null}
{"timestamp":"2025-03-23T12:23:12.228Z","message":"Verificando cambios en 2 direcciones","data":null}
{"timestamp":"2025-03-23T12:23:12.502Z","message":"Verificando cambios en 2 direcciones","data":null}
{"timestamp":"2025-03-23T12:23:15.819Z","message":"Verificando cambios en 2 direcciones","data":null}
{"timestamp":"2025-03-23T12:23:18.060Z","message":"Verificando cambios en 2 direcciones","data":null}
{"timestamp":"2025-03-23T12:23:18.536Z","message":"Verificando cambios en 2 direcciones","data":null}
{"timestamp":"2025-03-23T12:23:19.492Z","message":"Verificando cambios en 2 direcciones","data":null}
{"timestamp":"2025-03-23T12:23:22.354Z","message":"Verificando cambios en 2 direcciones","data":null}
{"timestamp":"2025-03-23T12:23:22.774Z","message":"Verificando cambios en 2 direcciones","data":null}
{"timestamp":"2025-03-23T12:23:26.032Z","message":"Verificando cambios en 2 direcciones","data":null}
{"timestamp":"2025-03-23T12:23:28.215Z","message":"Verificando cambios en 2 direcciones","data":null}
{"timestamp":"2025-03-23T12:23:28.669Z","message":"Verificando cambios en 2 direcciones","data":null}
{"timestamp":"2025-03-23T12:23:29.637Z","message":"Verificando cambios en 2 direcciones","data":null}
{"timestamp":"2025-03-23T12:23:32.677Z","message":"Verificando cambios en 2 direcciones","data":null}
{"timestamp":"2025-03-23T12:23:32.945Z","message":"Verificando cambios en 2 direcciones","data":null}
{"timestamp":"2025-03-23T12:23:36.210Z","message":"Verificando cambios en 2 direcciones","data":null}
{"timestamp":"2025-03-23T12:23:38.436Z","message":"Verificando cambios en 2 direcciones","data":null}
{"timestamp":"2025-03-23T12:23:38.879Z","message":"Verificando cambios en 2 direcciones","data":null}
{"timestamp":"2025-03-23T12:23:39.993Z","message":"Verificando cambios en 2 direcciones","data":null}
{"timestamp":"2025-03-23T12:23:43.066Z","message":"Verificando cambios en 2 direcciones","data":null}
{"timestamp":"2025-03-23T12:23:43.170Z","message":"Verificando cambios en 2 direcciones","data":null}
{"timestamp":"2025-03-23T12:23:46.409Z","message":"Verificando cambios en 2 direcciones","data":null}
{"timestamp":"2025-03-23T12:23:48.587Z","message":"Verificando cambios en 2 direcciones","data":null}
{"timestamp":"2025-03-23T12:23:49.053Z","message":"Verificando cambios en 2 direcciones","data":null}
{"timestamp":"2025-03-23T12:23:50.156Z","message":"Verificando cambios en 2 direcciones","data":null}
{"timestamp":"2025-03-23T12:23:53.231Z","message":"Verificando cambios en 2 direcciones","data":null}
{"timestamp":"2025-03-23T12:23:53.514Z","message":"Verificando cambios en 2 direcciones","data":null}
{"timestamp":"2025-03-23T12:23:56.759Z","message":"Verificando cambios en 2 direcciones","data":null}
{"timestamp":"2025-03-23T12:23:58.914Z","message":"Verificando cambios en 2 direcciones","data":null}
{"timestamp":"2025-03-23T12:23:59.445Z","message":"Verificando cambios en 2 direcciones","data":null}
{"timestamp":"2025-03-23T12:24:00.471Z","message":"Verificando cambios en 2 direcciones","data":null}
{"timestamp":"2025-03-23T12:24:03.359Z","message":"Verificando cambios en 2 direcciones","data":null}
{"timestamp":"2025-03-23T12:24:03.639Z","message":"Verificando cambios en 2 direcciones","data":null}
{"timestamp":"2025-03-23T12:24:06.895Z","message":"Verificando cambios en 2 direcciones","data":null}
{"timestamp":"2025-03-23T12:24:09.113Z","message":"Verificando cambios en 2 direcciones","data":null}
{"timestamp":"2025-03-23T12:24:09.588Z","message":"Verificando cambios en 2 direcciones","data":null}
{"timestamp":"2025-03-23T12:24:09.815Z","message":"Enviando email a yosnap@gmail.com","data":{"subject":"Nueva transacción saliente - Qubic Explorer"}}
{"timestamp":"2025-03-23T12:24:09.827Z","message":"Verificación de cambios completada","data":{"timestamp":"2025-03-23T12:24:09.588Z","checkCount":2,"changes":[{"addressId":{"addressId":"PNEQSCHDELVRFDOPRXNSMZMBKUXAYRPKFIITXFGTXFCFCASOFPPRGPCCZXCC","notificationConfig":{"email":"yosnap@gmail.com","telegram":"yosn4p","chrome":true}},"previousBalance":"0","newBalance":null,"hasUsers":false,"userCount":0,"usersArray":[],"timestamp":"2025-03-23T12:24:09.588Z","changeDetected":false},{"addressId":"PNEQSCHDELVRFDOPRXNSMZMBKUXAYRPKFIITXFGTXFCFCASOFPPRGPCCZXCC","previousBalance":"945","newBalance":"0","hasUsers":true,"userCount":1,"usersArray":["YWzjl63ywCNRNX9UAAAF"],"timestamp":"2025-03-23T12:24:09.588Z","changeDetected":true}]}}
{"timestamp":"2025-03-23T12:24:10.615Z","message":"Verificando cambios en 2 direcciones","data":null}
{"timestamp":"2025-03-23T12:24:10.782Z","message":"Enviando email a yosnap@gmail.com","data":{"subject":"Nueva transacción entrante - Qubic Explorer"}}
{"timestamp":"2025-03-23T12:24:10.785Z","message":"Verificación de cambios completada","data":{"timestamp":"2025-03-23T12:24:10.616Z","checkCount":2,"changes":[{"addressId":{"addressId":"PNEQSCHDELVRFDOPRXNSMZMBKUXAYRPKFIITXFGTXFCFCASOFPPRGPCCZXCC","notificationConfig":{"email":"yosnap@gmail.com","telegram":"yosn4p","chrome":true}},"previousBalance":"0","newBalance":null,"hasUsers":false,"userCount":0,"usersArray":[],"timestamp":"2025-03-23T12:24:10.616Z","changeDetected":false},{"addressId":"PNEQSCHDELVRFDOPRXNSMZMBKUXAYRPKFIITXFGTXFCFCASOFPPRGPCCZXCC","previousBalance":"0","newBalance":"945","hasUsers":true,"userCount":1,"usersArray":["YWzjl63ywCNRNX9UAAAF"],"timestamp":"2025-03-23T12:24:10.616Z","changeDetected":true}]}}
{"timestamp":"2025-03-23T12:24:11.025Z","message":"Email enviado correctamente","data":{"to":"yosnap@gmail.com","messageId":"<ffe16297-9d9d-766c-2ea1-83bc2572c971@qubic-explorer.com>","previewUrl":"https://ethereal.email/message/Z9.81e94R8NJ8o2KZ9.9a4qbCKL3WL7BAAAAAU.bn.kfjMJwYBsj86p9HYM"}}
{"timestamp":"2025-03-23T12:24:11.025Z","message":"Email enviado correctamente a yosnap@gmail.com","data":{"addressId":"PNEQSCHDELVRFDOPRXNSMZMBKUXAYRPKFIITXFGTXFCFCASOFPPRGPCCZXCC","difference":"945.000000","type":"outgoing"}}
{"timestamp":"2025-03-23T12:24:11.899Z","message":"Email enviado correctamente","data":{"to":"yosnap@gmail.com","messageId":"<ff5be388-4453-22e1-6407-242af674621d@qubic-explorer.com>","previewUrl":"https://ethereal.email/message/Z9.81e94R8NJ8o2KZ9.9bLJlvf2M-ag1AAAAAuESsy6PklMfdQke1MPAO6A"}}
{"timestamp":"2025-03-23T12:24:11.899Z","message":"Email enviado correctamente a yosnap@gmail.com","data":{"addressId":"PNEQSCHDELVRFDOPRXNSMZMBKUXAYRPKFIITXFGTXFCFCASOFPPRGPCCZXCC","difference":"945.000000","type":"incoming"}}
{"timestamp":"2025-03-23T12:24:13.630Z","message":"Verificando cambios en 2 direcciones","data":null}
{"timestamp":"2025-03-23T12:24:13.767Z","message":"Verificando cambios en 2 direcciones","data":null}
{"timestamp":"2025-03-23T12:24:17.114Z","message":"Verificando cambios en 2 direcciones","data":null}
{"timestamp":"2025-03-23T12:24:17.230Z","message":"Enviando email a yosnap@gmail.com","data":{"subject":"Nueva transacción entrante - Qubic Explorer"}}
{"timestamp":"2025-03-23T12:24:17.232Z","message":"Verificación de cambios completada","data":{"timestamp":"2025-03-23T12:24:17.114Z","checkCount":2,"changes":[{"addressId":{"addressId":"PNEQSCHDELVRFDOPRXNSMZMBKUXAYRPKFIITXFGTXFCFCASOFPPRGPCCZXCC","notificationConfig":{"email":"yosnap@gmail.com","telegram":"yosn4p","chrome":true}},"previousBalance":"0","newBalance":null,"hasUsers":false,"userCount":0,"usersArray":[],"timestamp":"2025-03-23T12:24:17.114Z","changeDetected":false},{"addressId":"PNEQSCHDELVRFDOPRXNSMZMBKUXAYRPKFIITXFGTXFCFCASOFPPRGPCCZXCC","previousBalance":"945","newBalance":"946","hasUsers":true,"userCount":1,"usersArray":["YWzjl63ywCNRNX9UAAAF"],"timestamp":"2025-03-23T12:24:17.115Z","changeDetected":true}]}}
{"timestamp":"2025-03-23T12:24:18.425Z","message":"Email enviado correctamente","data":{"to":"yosnap@gmail.com","messageId":"<2a21167d-f69c-9efc-c173-329400cf37c2@qubic-explorer.com>","previewUrl":"https://ethereal.email/message/Z9.81e94R8NJ8o2KZ9.9clwPKPD-AnOrAAAAA6eJAFU5ch8jG4yK1rSO1vs"}}
{"timestamp":"2025-03-23T12:24:18.426Z","message":"Email enviado correctamente a yosnap@gmail.com","data":{"addressId":"PNEQSCHDELVRFDOPRXNSMZMBKUXAYRPKFIITXFGTXFCFCASOFPPRGPCCZXCC","difference":"1.000000","type":"incoming"}}
{"timestamp":"2025-03-23T12:24:19.321Z","message":"Verificando cambios en 2 direcciones","data":null}
{"timestamp":"2025-03-23T12:24:19.834Z","message":"Verificando cambios en 2 direcciones","data":null}
{"timestamp":"2025-03-23T12:24:20.788Z","message":"Verificando cambios en 2 direcciones","data":null}
{"timestamp":"2025-03-23T12:24:23.792Z","message":"Verificando cambios en 2 direcciones","data":null}
{"timestamp":"2025-03-23T12:24:23.975Z","message":"Verificando cambios en 2 direcciones","data":null}
{"timestamp":"2025-03-23T12:24:27.236Z","message":"Verificando cambios en 2 direcciones","data":null}
{"timestamp":"2025-03-23T12:24:29.458Z","message":"Verificando cambios en 2 direcciones","data":null}
{"timestamp":"2025-03-23T12:24:29.988Z","message":"Verificando cambios en 2 direcciones","data":null}
{"timestamp":"2025-03-23T12:24:30.916Z","message":"Verificando cambios en 2 direcciones","data":null}
{"timestamp":"2025-03-23T12:24:34.024Z","message":"Verificando cambios en 2 direcciones","data":null}
{"timestamp":"2025-03-23T12:24:34.165Z","message":"Verificando cambios en 2 direcciones","data":null}
{"timestamp":"2025-03-23T12:24:37.422Z","message":"Verificando cambios en 2 direcciones","data":null}
{"timestamp":"2025-03-23T12:24:39.657Z","message":"Verificando cambios en 2 direcciones","data":null}
{"timestamp":"2025-03-23T12:24:40.176Z","message":"Verificando cambios en 2 direcciones","data":null}
{"timestamp":"2025-03-23T12:24:40.332Z","message":"Enviando email a yosnap@gmail.com","data":{"subject":"Nueva transacción saliente - Qubic Explorer"}}
{"timestamp":"2025-03-23T12:24:40.333Z","message":"Verificación de cambios completada","data":{"timestamp":"2025-03-23T12:24:40.176Z","checkCount":2,"changes":[{"addressId":{"addressId":"PNEQSCHDELVRFDOPRXNSMZMBKUXAYRPKFIITXFGTXFCFCASOFPPRGPCCZXCC","notificationConfig":{"email":"yosnap@gmail.com","telegram":"yosn4p","chrome":true}},"previousBalance":"0","newBalance":null,"hasUsers":false,"userCount":0,"usersArray":[],"timestamp":"2025-03-23T12:24:40.176Z","changeDetected":false},{"addressId":"PNEQSCHDELVRFDOPRXNSMZMBKUXAYRPKFIITXFGTXFCFCASOFPPRGPCCZXCC","previousBalance":"946","newBalance":"0","hasUsers":true,"userCount":1,"usersArray":["YWzjl63ywCNRNX9UAAAF"],"timestamp":"2025-03-23T12:24:40.176Z","changeDetected":true}]}}
{"timestamp":"2025-03-23T12:24:41.049Z","message":"Verificando cambios en 2 direcciones","data":null}
{"timestamp":"2025-03-23T12:24:41.291Z","message":"Enviando email a yosnap@gmail.com","data":{"subject":"Nueva transacción entrante - Qubic Explorer"}}
{"timestamp":"2025-03-23T12:24:41.293Z","message":"Verificación de cambios completada","data":{"timestamp":"2025-03-23T12:24:41.049Z","checkCount":2,"changes":[{"addressId":{"addressId":"PNEQSCHDELVRFDOPRXNSMZMBKUXAYRPKFIITXFGTXFCFCASOFPPRGPCCZXCC","notificationConfig":{"email":"yosnap@gmail.com","telegram":"yosn4p","chrome":true}},"previousBalance":"0","newBalance":null,"hasUsers":false,"userCount":0,"usersArray":[],"timestamp":"2025-03-23T12:24:41.049Z","changeDetected":false},{"addressId":"PNEQSCHDELVRFDOPRXNSMZMBKUXAYRPKFIITXFGTXFCFCASOFPPRGPCCZXCC","previousBalance":"0","newBalance":"946","hasUsers":true,"userCount":1,"usersArray":["YWzjl63ywCNRNX9UAAAF"],"timestamp":"2025-03-23T12:24:41.049Z","changeDetected":true}]}}
{"timestamp":"2025-03-23T12:24:41.499Z","message":"Email enviado correctamente","data":{"to":"yosnap@gmail.com","messageId":"<e5be734e-7eed-fcf0-53d7-99f4c4925afa@qubic-explorer.com>","previewUrl":"https://ethereal.email/message/Z9.81e94R8NJ8o2KZ9.9iYqbCKL3WL.TAAAABJ3iwJm5AooZ.9HhBRjtp58"}}
{"timestamp":"2025-03-23T12:24:41.500Z","message":"Email enviado correctamente a yosnap@gmail.com","data":{"addressId":"PNEQSCHDELVRFDOPRXNSMZMBKUXAYRPKFIITXFGTXFCFCASOFPPRGPCCZXCC","difference":"946.000000","type":"outgoing"}}
{"timestamp":"2025-03-23T12:24:42.488Z","message":"Email enviado correctamente","data":{"to":"yosnap@gmail.com","messageId":"<a9654cad-3e03-8692-4bc7-e33d6051de62@qubic-explorer.com>","previewUrl":"https://ethereal.email/message/Z9.81e94R8NJ8o2KZ9.9ioqbCKL3WL.fAAAABbAssGtcNx3-Ur-ul2j57qs"}}
{"timestamp":"2025-03-23T12:24:42.489Z","message":"Email enviado correctamente a yosnap@gmail.com","data":{"addressId":"PNEQSCHDELVRFDOPRXNSMZMBKUXAYRPKFIITXFGTXFCFCASOFPPRGPCCZXCC","difference":"946.000000","type":"incoming"}}
{"timestamp":"2025-03-23T12:24:44.161Z","message":"Verificando cambios en 2 direcciones","data":null}
{"timestamp":"2025-03-23T12:24:44.369Z","message":"Verificando cambios en 2 direcciones","data":null}
{"timestamp":"2025-03-23T12:24:47.644Z","message":"Verificando cambios en 2 direcciones","data":null}
{"timestamp":"2025-03-23T12:24:49.800Z","message":"Verificando cambios en 2 direcciones","data":null}
{"timestamp":"2025-03-23T12:24:50.337Z","message":"Verificando cambios en 2 direcciones","data":null}
{"timestamp":"2025-03-23T12:24:51.298Z","message":"Verificando cambios en 2 direcciones","data":null}
{"timestamp":"2025-03-23T12:24:54.331Z","message":"Verificando cambios en 2 direcciones","data":null}
{"timestamp":"2025-03-23T12:24:54.552Z","message":"Verificando cambios en 2 direcciones","data":null}
{"timestamp":"2025-03-23T12:24:58.138Z","message":"Verificando cambios en 2 direcciones","data":null}
{"timestamp":"2025-03-23T12:24:59.964Z","message":"Verificando cambios en 2 direcciones","data":null}
{"timestamp":"2025-03-23T12:25:00.746Z","message":"Verificando cambios en 2 direcciones","data":null}
{"timestamp":"2025-03-23T12:25:01.541Z","message":"Verificando cambios en 2 direcciones","data":null}
{"timestamp":"2025-03-23T12:25:04.538Z","message":"Verificando cambios en 2 direcciones","data":null}
{"timestamp":"2025-03-23T12:25:04.691Z","message":"Verificando cambios en 2 direcciones","data":null}
{"timestamp":"2025-03-23T12:25:08.268Z","message":"Verificando cambios en 2 direcciones","data":null}
{"timestamp":"2025-03-23T12:25:10.186Z","message":"Verificando cambios en 2 direcciones","data":null}
{"timestamp":"2025-03-23T12:25:10.879Z","message":"Verificando cambios en 2 direcciones","data":null}
{"timestamp":"2025-03-23T12:25:11.762Z","message":"Verificando cambios en 2 direcciones","data":null}
{"timestamp":"2025-03-23T12:25:14.682Z","message":"Verificando cambios en 2 direcciones","data":null}
{"timestamp":"2025-03-23T12:25:14.904Z","message":"Verificando cambios en 2 direcciones","data":null}
{"timestamp":"2025-03-23T12:25:18.448Z","message":"Verificando cambios en 2 direcciones","data":null}
{"timestamp":"2025-03-23T12:25:20.320Z","message":"Verificando cambios en 2 direcciones","data":null}
{"timestamp":"2025-03-23T12:25:21.074Z","message":"Verificando cambios en 2 direcciones","data":null}
{"timestamp":"2025-03-23T12:25:21.881Z","message":"Verificando cambios en 2 direcciones","data":null}
{"timestamp":"2025-03-23T12:25:24.861Z","message":"Verificando cambios en 2 direcciones","data":null}
{"timestamp":"2025-03-23T12:25:25.052Z","message":"Verificando cambios en 2 direcciones","data":null}
{"timestamp":"2025-03-23T12:25:28.584Z","message":"Verificando cambios en 2 direcciones","data":null}
{"timestamp":"2025-03-23T12:25:30.510Z","message":"Verificando cambios en 2 direcciones","data":null}
{"timestamp":"2025-03-23T12:25:31.212Z","message":"Verificando cambios en 2 direcciones","data":null}
{"timestamp":"2025-03-23T12:25:32.082Z","message":"Verificando cambios en 2 direcciones","data":null}
{"timestamp":"2025-03-23T12:25:35.005Z","message":"Verificando cambios en 2 direcciones","data":null}
{"timestamp":"2025-03-23T12:25:35.226Z","message":"Verificando cambios en 2 direcciones","data":null}
{"timestamp":"2025-03-23T12:25:38.708Z","message":"Verificando cambios en 2 direcciones","data":null}
{"timestamp":"2025-03-23T12:25:40.665Z","message":"Verificando cambios en 2 direcciones","data":null}
{"timestamp":"2025-03-23T12:25:41.387Z","message":"Verificando cambios en 2 direcciones","data":null}
{"timestamp":"2025-03-23T12:25:42.209Z","message":"Verificando cambios en 2 direcciones","data":null}
{"timestamp":"2025-03-23T12:25:45.190Z","message":"Verificando cambios en 2 direcciones","data":null}
{"timestamp":"2025-03-23T12:25:45.370Z","message":"Verificando cambios en 2 direcciones","data":null}
{"timestamp":"2025-03-23T12:25:48.985Z","message":"Verificando cambios en 2 direcciones","data":null}
{"timestamp":"2025-03-23T12:25:50.824Z","message":"Verificando cambios en 2 direcciones","data":null}
{"timestamp":"2025-03-23T12:25:51.607Z","message":"Verificando cambios en 2 direcciones","data":null}
{"timestamp":"2025-03-23T12:25:52.351Z","message":"Verificando cambios en 2 direcciones","data":null}
{"timestamp":"2025-03-23T12:25:55.332Z","message":"Verificando cambios en 2 direcciones","data":null}
{"timestamp":"2025-03-23T12:25:55.518Z","message":"Verificando cambios en 2 direcciones","data":null}
{"timestamp":"2025-03-23T12:25:59.099Z","message":"Verificando cambios en 2 direcciones","data":null}
{"timestamp":"2025-03-23T12:26:01.047Z","message":"Verificando cambios en 2 direcciones","data":null}
{"timestamp":"2025-03-23T12:26:01.749Z","message":"Verificando cambios en 2 direcciones","data":null}
{"timestamp":"2025-03-23T12:26:02.493Z","message":"Verificando cambios en 2 direcciones","data":null}
{"timestamp":"2025-03-23T12:26:05.503Z","message":"Verificando cambios en 2 direcciones","data":null}
{"timestamp":"2025-03-23T12:26:05.641Z","message":"Verificando cambios en 2 direcciones","data":null}
{"timestamp":"2025-03-23T12:26:09.311Z","message":"Verificando cambios en 2 direcciones","data":null}
{"timestamp":"2025-03-23T12:26:11.194Z","message":"Verificando cambios en 2 direcciones","data":null}
{"timestamp":"2025-03-23T12:26:11.977Z","message":"Verificando cambios en 2 direcciones","data":null}
{"timestamp":"2025-03-23T12:26:12.732Z","message":"Verificando cambios en 2 direcciones","data":null}
{"timestamp":"2025-03-23T12:26:15.715Z","message":"Verificando cambios en 2 direcciones","data":null}
{"timestamp":"2025-03-23T12:26:15.763Z","message":"Verificando cambios en 2 direcciones","data":null}
{"timestamp":"2025-03-23T12:26:19.454Z","message":"Verificando cambios en 2 direcciones","data":null}
{"timestamp":"2025-03-23T12:26:21.364Z","message":"Verificando cambios en 2 direcciones","data":null}
{"timestamp":"2025-03-23T12:26:22.119Z","message":"Verificando cambios en 2 direcciones","data":null}
{"timestamp":"2025-03-23T12:26:22.940Z","message":"Verificando cambios en 2 direcciones","data":null}
{"timestamp":"2025-03-23T12:26:25.843Z","message":"Verificando cambios en 2 direcciones","data":null}
{"timestamp":"2025-03-23T12:26:25.916Z","message":"Verificando cambios en 2 direcciones","data":null}
{"timestamp":"2025-03-23T12:26:29.623Z","message":"Verificando cambios en 2 direcciones","data":null}
{"timestamp":"2025-03-23T12:26:31.491Z","message":"Verificando cambios en 2 direcciones","data":null}
{"timestamp":"2025-03-23T12:26:32.245Z","message":"Verificando cambios en 2 direcciones","data":null}
{"timestamp":"2025-03-23T12:26:33.133Z","message":"Verificando cambios en 2 direcciones","data":null}
{"timestamp":"2025-03-23T12:26:36.046Z","message":"Verificando cambios en 2 direcciones","data":null}
{"timestamp":"2025-03-23T12:26:36.050Z","message":"Verificando cambios en 2 direcciones","data":null}
{"timestamp":"2025-03-23T12:26:39.844Z","message":"Verificando cambios en 2 direcciones","data":null}
{"timestamp":"2025-03-23T12:26:39.972Z","message":"Enviando email a yosnap@gmail.com","data":{"subject":"Nueva transacción saliente - Qubic Explorer"}}
{"timestamp":"2025-03-23T12:26:39.975Z","message":"Verificación de cambios completada","data":{"timestamp":"2025-03-23T12:26:39.844Z","checkCount":2,"changes":[{"addressId":{"addressId":"PNEQSCHDELVRFDOPRXNSMZMBKUXAYRPKFIITXFGTXFCFCASOFPPRGPCCZXCC","notificationConfig":{"email":"yosnap@gmail.com","telegram":"yosn4p","chrome":true}},"previousBalance":"0","newBalance":null,"hasUsers":false,"userCount":0,"usersArray":[],"timestamp":"2025-03-23T12:26:39.844Z","changeDetected":false},{"addressId":"PNEQSCHDELVRFDOPRXNSMZMBKUXAYRPKFIITXFGTXFCFCASOFPPRGPCCZXCC","previousBalance":"946","newBalance":"0","hasUsers":true,"userCount":1,"usersArray":["YWzjl63ywCNRNX9UAAAF"],"timestamp":"2025-03-23T12:26:39.844Z","changeDetected":true}]}}
{"timestamp":"2025-03-23T12:26:41.057Z","message":"Email enviado correctamente","data":{"to":"yosnap@gmail.com","messageId":"<df175766-c986-f931-014d-1cef837023f5@qubic-explorer.com>","previewUrl":"https://ethereal.email/message/Z9.81e94R8NJ8o2KZ9.-AYqbCKL3WMSaAAAABkmoEvlN6YTBdeIQKXbQe8I"}}
{"timestamp":"2025-03-23T12:26:41.058Z","message":"Email enviado correctamente a yosnap@gmail.com","data":{"addressId":"PNEQSCHDELVRFDOPRXNSMZMBKUXAYRPKFIITXFGTXFCFCASOFPPRGPCCZXCC","difference":"946.000000","type":"outgoing"}}
{"timestamp":"2025-03-23T12:26:41.618Z","message":"Verificando cambios en 2 direcciones","data":null}
{"timestamp":"2025-03-23T12:26:41.773Z","message":"Enviando email a yosnap@gmail.com","data":{"subject":"Nueva transacción entrante - Qubic Explorer"}}
{"timestamp":"2025-03-23T12:26:41.774Z","message":"Verificación de cambios completada","data":{"timestamp":"2025-03-23T12:26:41.618Z","checkCount":2,"changes":[{"addressId":{"addressId":"PNEQSCHDELVRFDOPRXNSMZMBKUXAYRPKFIITXFGTXFCFCASOFPPRGPCCZXCC","notificationConfig":{"email":"yosnap@gmail.com","telegram":"yosn4p","chrome":true}},"previousBalance":"0","newBalance":null,"hasUsers":false,"userCount":0,"usersArray":[],"timestamp":"2025-03-23T12:26:41.618Z","changeDetected":false},{"addressId":"PNEQSCHDELVRFDOPRXNSMZMBKUXAYRPKFIITXFGTXFCFCASOFPPRGPCCZXCC","previousBalance":"0","newBalance":"946","hasUsers":true,"userCount":1,"usersArray":["YWzjl63ywCNRNX9UAAAF"],"timestamp":"2025-03-23T12:26:41.618Z","changeDetected":true}]}}
{"timestamp":"2025-03-23T12:26:42.461Z","message":"Verificando cambios en 2 direcciones","data":null}
{"timestamp":"2025-03-23T12:26:43.031Z","message":"Email enviado correctamente","data":{"to":"yosnap@gmail.com","messageId":"<e2a4ed8c-89eb-ce3f-e0ea-2c6a3d40b9aa@qubic-explorer.com>","previewUrl":"https://ethereal.email/message/Z9.81e94R8NJ8o2KZ9.-A1wPKPD-AnmTAAAAB6u-ONUjR4VBYb-G3U50N6w"}}
{"timestamp":"2025-03-23T12:26:43.033Z","message":"Email enviado correctamente a yosnap@gmail.com","data":{"addressId":"PNEQSCHDELVRFDOPRXNSMZMBKUXAYRPKFIITXFGTXFCFCASOFPPRGPCCZXCC","difference":"946.000000","type":"incoming"}}
{"timestamp":"2025-03-23T12:26:43.277Z","message":"Verificando cambios en 2 direcciones","data":null}
{"timestamp":"2025-03-23T12:26:46.279Z","message":"Verificando cambios en 2 direcciones","data":null}
{"timestamp":"2025-03-23T12:26:46.281Z","message":"Verificando cambios en 2 direcciones","data":null}
{"timestamp":"2025-03-23T12:26:49.979Z","message":"Verificando cambios en 2 direcciones","data":null}
{"timestamp":"2025-03-23T12:26:51.777Z","message":"Verificando cambios en 2 direcciones","data":null}
{"timestamp":"2025-03-23T12:26:52.587Z","message":"Verificando cambios en 2 direcciones","data":null}
{"timestamp":"2025-03-23T12:26:53.464Z","message":"Verificando cambios en 2 direcciones","data":null}
{"timestamp":"2025-03-23T12:26:56.401Z","message":"Verificando cambios en 2 direcciones","data":null}
{"timestamp":"2025-03-23T12:26:56.492Z","message":"Verificando cambios en 2 direcciones","data":null}
{"timestamp":"2025-03-23T12:27:00.201Z","message":"Verificando cambios en 2 direcciones","data":null}
{"timestamp":"2025-03-23T12:27:01.920Z","message":"Verificando cambios en 2 direcciones","data":null}
{"timestamp":"2025-03-23T12:27:02.783Z","message":"Verificando cambios en 1 direcciones","data":null}
{"timestamp":"2025-03-23T12:27:03.591Z","message":"Verificando cambios en 1 direcciones","data":null}
{"timestamp":"2025-03-23T12:27:06.571Z","message":"Verificando cambios en 1 direcciones","data":null}
{"timestamp":"2025-03-23T12:27:06.618Z","message":"Verificando cambios en 1 direcciones","data":null}
{"timestamp":"2025-03-23T12:27:09.251Z","message":"Verificando cambios en 2 direcciones","data":null}
{"timestamp":"2025-03-23T12:27:10.346Z","message":"Verificando cambios en 1 direcciones","data":null}
{"timestamp":"2025-03-23T12:27:12.062Z","message":"Verificando cambios en 1 direcciones","data":null}
{"timestamp":"2025-03-23T12:27:12.786Z","message":"Verificando cambios en 1 direcciones","data":null}
{"timestamp":"2025-03-23T12:27:13.592Z","message":"Verificando cambios en 1 direcciones","data":null}
{"timestamp":"2025-03-23T12:27:16.573Z","message":"Verificando cambios en 1 direcciones","data":null}
{"timestamp":"2025-03-23T12:27:16.618Z","message":"Verificando cambios en 1 direcciones","data":null}
{"timestamp":"2025-03-23T12:27:19.435Z","message":"Verificando cambios en 1 direcciones","data":null}
{"timestamp":"2025-03-23T12:27:20.347Z","message":"Verificando cambios en 1 direcciones","data":null}
{"timestamp":"2025-03-23T12:27:22.063Z","message":"Verificando cambios en 1 direcciones","data":null}
{"timestamp":"2025-03-23T12:27:22.799Z","message":"Verificando cambios en 1 direcciones","data":null}
{"timestamp":"2025-03-23T12:27:23.594Z","message":"Verificando cambios en 1 direcciones","data":null}
{"timestamp":"2025-03-23T12:27:26.574Z","message":"Verificando cambios en 1 direcciones","data":null}
{"timestamp":"2025-03-23T12:27:26.619Z","message":"Verificando cambios en 1 direcciones","data":null}
{"timestamp":"2025-03-23T12:27:29.436Z","message":"Verificando cambios en 1 direcciones","data":null}
{"timestamp":"2025-03-23T12:27:30.347Z","message":"Verificando cambios en 1 direcciones","data":null}
{"timestamp":"2025-03-23T12:27:32.066Z","message":"Verificando cambios en 1 direcciones","data":null}
{"timestamp":"2025-03-23T12:27:32.800Z","message":"Verificando cambios en 1 direcciones","data":null}
{"timestamp":"2025-03-23T12:27:33.595Z","message":"Verificando cambios en 1 direcciones","data":null}
{"timestamp":"2025-03-23T12:27:36.574Z","message":"Verificando cambios en 1 direcciones","data":null}
{"timestamp":"2025-03-23T12:27:36.620Z","message":"Verificando cambios en 1 direcciones","data":null}
{"timestamp":"2025-03-23T12:27:39.438Z","message":"Verificando cambios en 1 direcciones","data":null}
{"timestamp":"2025-03-23T12:27:41.009Z","message":"Verificando cambios en 1 direcciones","data":null}
{"timestamp":"2025-03-23T12:27:41.292Z","message":"Transporter de email configurado correctamente","data":{"user":"av424r6ajc2suavx@ethereal.email","previewUrl":"https://ethereal.email"}}
{"timestamp":"2025-03-23T12:27:42.658Z","message":"Verificando cambios en 2 direcciones","data":null}
{"timestamp":"2025-03-23T12:27:46.581Z","message":"Verificando cambios en 2 direcciones","data":null}
{"timestamp":"2025-03-23T12:27:51.011Z","message":"Verificando cambios en 2 direcciones","data":null}
{"timestamp":"2025-03-23T12:27:52.779Z","message":"Verificando cambios en 2 direcciones","data":null}
{"timestamp":"2025-03-23T12:27:56.783Z","message":"Verificando cambios en 2 direcciones","data":null}
{"timestamp":"2025-03-23T12:28:01.115Z","message":"Verificando cambios en 2 direcciones","data":null}
{"timestamp":"2025-03-23T12:28:02.943Z","message":"Verificando cambios en 2 direcciones","data":null}
{"timestamp":"2025-03-23T12:28:06.926Z","message":"Verificando cambios en 2 direcciones","data":null}
{"timestamp":"2025-03-23T12:28:11.220Z","message":"Verificando cambios en 2 direcciones","data":null}
{"timestamp":"2025-03-23T12:28:13.051Z","message":"Verificando cambios en 2 direcciones","data":null}
{"timestamp":"2025-03-23T12:28:17.025Z","message":"Verificando cambios en 2 direcciones","data":null}
{"timestamp":"2025-03-23T12:28:21.324Z","message":"Verificando cambios en 2 direcciones","data":null}
{"timestamp":"2025-03-23T12:28:23.216Z","message":"Verificando cambios en 2 direcciones","data":null}
{"timestamp":"2025-03-23T12:28:27.193Z","message":"Verificando cambios en 2 direcciones","data":null}
{"timestamp":"2025-03-23T12:28:31.482Z","message":"Verificando cambios en 2 direcciones","data":null}
{"timestamp":"2025-03-23T12:28:33.351Z","message":"Verificando cambios en 2 direcciones","data":null}
{"timestamp":"2025-03-23T12:28:37.301Z","message":"Verificando cambios en 2 direcciones","data":null}
{"timestamp":"2025-03-23T12:28:41.599Z","message":"Verificando cambios en 2 direcciones","data":null}
{"timestamp":"2025-03-23T12:28:43.461Z","message":"Verificando cambios en 2 direcciones","data":null}
{"timestamp":"2025-03-23T12:28:47.404Z","message":"Verificando cambios en 2 direcciones","data":null}
{"timestamp":"2025-03-23T12:28:51.702Z","message":"Verificando cambios en 2 direcciones","data":null}
{"timestamp":"2025-03-23T12:28:53.566Z","message":"Verificando cambios en 2 direcciones","data":null}
{"timestamp":"2025-03-23T12:28:57.658Z","message":"Verificando cambios en 2 direcciones","data":null}
{"timestamp":"2025-03-23T12:29:01.797Z","message":"Verificando cambios en 2 direcciones","data":null}
{"timestamp":"2025-03-23T12:29:03.669Z","message":"Verificando cambios en 2 direcciones","data":null}
{"timestamp":"2025-03-23T12:29:07.759Z","message":"Verificando cambios en 2 direcciones","data":null}
{"timestamp":"2025-03-23T12:29:11.902Z","message":"Verificando cambios en 2 direcciones","data":null}
{"timestamp":"2025-03-23T12:29:13.853Z","message":"Verificando cambios en 2 direcciones","data":null}
{"timestamp":"2025-03-23T12:29:17.858Z","message":"Verificando cambios en 2 direcciones","data":null}
{"timestamp":"2025-03-23T12:29:22.001Z","message":"Verificando cambios en 2 direcciones","data":null}
{"timestamp":"2025-03-23T12:29:23.969Z","message":"Verificando cambios en 2 direcciones","data":null}
{"timestamp":"2025-03-23T12:29:28.011Z","message":"Verificando cambios en 2 direcciones","data":null}
{"timestamp":"2025-03-23T12:29:32.206Z","message":"Verificando cambios en 2 direcciones","data":null}
{"timestamp":"2025-03-23T12:29:34.174Z","message":"Verificando cambios en 2 direcciones","data":null}
{"timestamp":"2025-03-23T12:29:38.457Z","message":"Verificando cambios en 2 direcciones","data":null}
{"timestamp":"2025-03-23T12:29:42.310Z","message":"Verificando cambios en 2 direcciones","data":null}
{"timestamp":"2025-03-23T12:29:44.366Z","message":"Verificando cambios en 2 direcciones","data":null}
{"timestamp":"2025-03-23T12:29:48.558Z","message":"Verificando cambios en 2 direcciones","data":null}
{"timestamp":"2025-03-23T12:29:52.436Z","message":"Verificando cambios en 2 direcciones","data":null}
{"timestamp":"2025-03-23T12:29:54.476Z","message":"Verificando cambios en 2 direcciones","data":null}
{"timestamp":"2025-03-23T12:29:58.660Z","message":"Verificando cambios en 2 direcciones","data":null}
{"timestamp":"2025-03-23T12:30:02.613Z","message":"Verificando cambios en 2 direcciones","data":null}
{"timestamp":"2025-03-23T12:30:04.605Z","message":"Verificando cambios en 2 direcciones","data":null}
{"timestamp":"2025-03-23T12:30:08.780Z","message":"Verificando cambios en 2 direcciones","data":null}
{"timestamp":"2025-03-23T12:30:12.733Z","message":"Verificando cambios en 2 direcciones","data":null}
{"timestamp":"2025-03-23T12:30:14.767Z","message":"Verificando cambios en 2 direcciones","data":null}
{"timestamp":"2025-03-23T12:30:18.972Z","message":"Verificando cambios en 2 direcciones","data":null}
{"timestamp":"2025-03-23T12:30:22.847Z","message":"Verificando cambios en 2 direcciones","data":null}
{"timestamp":"2025-03-23T12:30:24.877Z","message":"Verificando cambios en 2 direcciones","data":null}
{"timestamp":"2025-03-23T12:30:29.074Z","message":"Verificando cambios en 2 direcciones","data":null}
{"timestamp":"2025-03-23T12:30:33.011Z","message":"Verificando cambios en 2 direcciones","data":null}
{"timestamp":"2025-03-23T12:30:34.984Z","message":"Verificando cambios en 2 direcciones","data":null}
{"timestamp":"2025-03-23T12:30:39.184Z","message":"Verificando cambios en 2 direcciones","data":null}
{"timestamp":"2025-03-23T12:30:43.114Z","message":"Verificando cambios en 2 direcciones","data":null}
{"timestamp":"2025-03-23T12:30:45.162Z","message":"Verificando cambios en 2 direcciones","data":null}
{"timestamp":"2025-03-23T12:30:49.382Z","message":"Verificando cambios en 2 direcciones","data":null}
{"timestamp":"2025-03-23T12:30:53.236Z","message":"Verificando cambios en 2 direcciones","data":null}
{"timestamp":"2025-03-23T12:30:55.274Z","message":"Verificando cambios en 2 direcciones","data":null}
{"timestamp":"2025-03-23T12:30:59.498Z","message":"Verificando cambios en 2 direcciones","data":null}
{"timestamp":"2025-03-23T12:31:03.419Z","message":"Verificando cambios en 2 direcciones","data":null}
{"timestamp":"2025-03-23T12:31:05.382Z","message":"Verificando cambios en 2 direcciones","data":null}
{"timestamp":"2025-03-23T12:31:09.708Z","message":"Verificando cambios en 2 direcciones","data":null}
{"timestamp":"2025-03-23T12:31:13.514Z","message":"Verificando cambios en 2 direcciones","data":null}
{"timestamp":"2025-03-23T12:31:15.500Z","message":"Verificando cambios en 2 direcciones","data":null}
{"timestamp":"2025-03-23T12:31:19.802Z","message":"Verificando cambios en 2 direcciones","data":null}
{"timestamp":"2025-03-23T12:31:23.626Z","message":"Verificando cambios en 2 direcciones","data":null}
{"timestamp":"2025-03-23T12:31:25.621Z","message":"Verificando cambios en 2 direcciones","data":null}
{"timestamp":"2025-03-23T12:31:29.904Z","message":"Verificando cambios en 2 direcciones","data":null}
{"timestamp":"2025-03-23T12:31:33.826Z","message":"Verificando cambios en 2 direcciones","data":null}
{"timestamp":"2025-03-23T12:31:35.792Z","message":"Verificando cambios en 2 direcciones","data":null}
{"timestamp":"2025-03-23T12:31:40.129Z","message":"Verificando cambios en 2 direcciones","data":null}
{"timestamp":"2025-03-23T12:31:43.937Z","message":"Verificando cambios en 2 direcciones","data":null}
{"timestamp":"2025-03-23T12:31:45.993Z","message":"Verificando cambios en 2 direcciones","data":null}
{"timestamp":"2025-03-23T12:31:50.289Z","message":"Verificando cambios en 2 direcciones","data":null}
{"timestamp":"2025-03-23T12:31:54.065Z","message":"Verificando cambios en 2 direcciones","data":null}
{"timestamp":"2025-03-23T12:31:56.106Z","message":"Verificando cambios en 2 direcciones","data":null}
{"timestamp":"2025-03-23T12:32:00.387Z","message":"Verificando cambios en 2 direcciones","data":null}
{"timestamp":"2025-03-23T12:32:04.241Z","message":"Verificando cambios en 2 direcciones","data":null}
{"timestamp":"2025-03-23T12:32:06.226Z","message":"Verificando cambios en 2 direcciones","data":null}
